Flow report for HumidityTemperature
Thu Oct 29 18:05:39 2020
Quartus Prime Version 20.1.0 Build 711 06/05/2020 SJ Lite Edition


---------------------
; Table of Contents ;
---------------------
  1. Legal Notice
  2. Flow Summary
  3. Flow Settings
  4. Flow Non-Default Global Settings
  5. Flow Elapsed Time
  6. Flow OS Summary
  7. Flow Log
  8. Flow Messages
  9. Flow Suppressed Messages



----------------
; Legal Notice ;
----------------
Copyright (C) 2020  Intel Corporation. All rights reserved.
Your use of Intel Corporation's design tools, logic functions 
and other software and tools, and any partner logic 
functions, and any output files from any of the foregoing 
(including device programming or simulation files), and any 
associated documentation or information are expressly subject 
to the terms and conditions of the Intel Program License 
Subscription Agreement, the Intel Quartus Prime License Agreement,
the Intel FPGA IP License Agreement, or other applicable license
agreement, including, without limitation, that your use is for
the sole purpose of programming logic devices manufactured by
Intel and sold by Intel or its authorized distributors.  Please
refer to the applicable agreement for further details, at
https://fpgasoftware.intel.com/eula.



+----------------------------------------------------------------------------------+
; Flow Summary                                                                     ;
+------------------------------------+---------------------------------------------+
; Flow Status                        ; Successful - Thu Oct 29 18:05:39 2020       ;
; Quartus Prime Version              ; 20.1.0 Build 711 06/05/2020 SJ Lite Edition ;
; Revision Name                      ; HumidityTemperature                         ;
; Top-level Entity Name              ; SPIComms_top                                ;
; Family                             ; Cyclone IV E                                ;
; Device                             ; EP4CE6E22C8                                 ;
; Timing Models                      ; Final                                       ;
; Total logic elements               ; 98 / 6,272 ( 2 % )                          ;
;     Total combinational functions  ; 82 / 6,272 ( 1 % )                          ;
;     Dedicated logic registers      ; 36 / 6,272 ( < 1 % )                        ;
; Total registers                    ; 36                                          ;
; Total pins                         ; 15 / 92 ( 16 % )                            ;
; Total virtual pins                 ; 0                                           ;
; Total memory bits                  ; 0 / 276,480 ( 0 % )                         ;
; Embedded Multiplier 9-bit elements ; 0 / 30 ( 0 % )                              ;
; Total PLLs                         ; 0 / 2 ( 0 % )                               ;
+------------------------------------+---------------------------------------------+


+-----------------------------------------+
; Flow Settings                           ;
+-------------------+---------------------+
; Option            ; Setting             ;
+-------------------+---------------------+
; Start date & time ; 10/29/2020 18:04:47 ;
; Main task         ; Compilation         ;
; Revision Name     ; HumidityTemperature ;
+-------------------+---------------------+


+------------------------------------------------------------------------------------------------------------------------------------+
; Flow Non-Default Global Settings                                                                                                   ;
+-------------------------------------+----------------------------------------+---------------------+--------------+----------------+
; Assignment Name                     ; Value                                  ; Default Value       ; Entity Name  ; Section Id     ;
+-------------------------------------+----------------------------------------+---------------------+--------------+----------------+
; COMPILER_SIGNATURE_ID               ; 264403983650461.160395508724192        ; --                  ; --           ; --             ;
; EDA_OUTPUT_DATA_FORMAT              ; Verilog Hdl                            ; --                  ; --           ; eda_simulation ;
; EDA_SIMULATION_TOOL                 ; ModelSim-Altera (Verilog)              ; <None>              ; --           ; --             ;
; MAX_CORE_JUNCTION_TEMP              ; 85                                     ; --                  ; --           ; --             ;
; MIN_CORE_JUNCTION_TEMP              ; 0                                      ; --                  ; --           ; --             ;
; NOMINAL_CORE_SUPPLY_VOLTAGE         ; 1.2V                                   ; --                  ; --           ; --             ;
; OUTPUT_IO_TIMING_FAR_END_VMEAS      ; Half Signal Swing                      ; --                  ; --           ; --             ;
; OUTPUT_IO_TIMING_FAR_END_VMEAS      ; Half Signal Swing                      ; --                  ; --           ; --             ;
; OUTPUT_IO_TIMING_NEAR_END_VMEAS     ; Half Vccio                             ; --                  ; --           ; --             ;
; OUTPUT_IO_TIMING_NEAR_END_VMEAS     ; Half Vccio                             ; --                  ; --           ; --             ;
; PARTITION_COLOR                     ; -- (Not supported for targeted family) ; --                  ; SPIComms_top ; Top            ;
; PARTITION_FITTER_PRESERVATION_LEVEL ; -- (Not supported for targeted family) ; --                  ; SPIComms_top ; Top            ;
; PARTITION_NETLIST_TYPE              ; -- (Not supported for targeted family) ; --                  ; SPIComms_top ; Top            ;
; POWER_BOARD_THERMAL_MODEL           ; None (CONSERVATIVE)                    ; --                  ; --           ; --             ;
; POWER_PRESET_COOLING_SOLUTION       ; 23 MM HEAT SINK WITH 200 LFPM AIRFLOW  ; --                  ; --           ; --             ;
; PROJECT_OUTPUT_DIRECTORY            ; output_files                           ; --                  ; --           ; --             ;
; TOP_LEVEL_ENTITY                    ; SPIComms_top                           ; HumidityTemperature ; --           ; --             ;
+-------------------------------------+----------------------------------------+---------------------+--------------+----------------+


+--------------------------------------------------------------------------------------------------------------------------+
; Flow Elapsed Time                                                                                                        ;
+----------------------+--------------+-------------------------+---------------------+------------------------------------+
; Module Name          ; Elapsed Time ; Average Processors Used ; Peak Virtual Memory ; Total CPU Time (on all processors) ;
+----------------------+--------------+-------------------------+---------------------+------------------------------------+
; Analysis & Synthesis ; 00:00:24     ; 1.0                     ; 4726 MB             ; 00:00:41                           ;
; Fitter               ; 00:00:11     ; 1.0                     ; 5224 MB             ; 00:00:08                           ;
; Assembler            ; 00:00:03     ; 1.0                     ; 4680 MB             ; 00:00:02                           ;
; Timing Analyzer      ; 00:00:04     ; 1.0                     ; 4733 MB             ; 00:00:03                           ;
; EDA Netlist Writer   ; 00:00:02     ; 1.0                     ; 4645 MB             ; 00:00:02                           ;
; Total                ; 00:00:44     ; --                      ; --                  ; 00:00:56                           ;
+----------------------+--------------+-------------------------+---------------------+------------------------------------+


+------------------------------------------------------------------------------------+
; Flow OS Summary                                                                    ;
+----------------------+------------------+------------+------------+----------------+
; Module Name          ; Machine Hostname ; OS Name    ; OS Version ; Processor type ;
+----------------------+------------------+------------+------------+----------------+
; Analysis & Synthesis ; DESKTOP-VL8O8TL  ; Windows 10 ; 10.0       ; x86_64         ;
; Fitter               ; DESKTOP-VL8O8TL  ; Windows 10 ; 10.0       ; x86_64         ;
; Assembler            ; DESKTOP-VL8O8TL  ; Windows 10 ; 10.0       ; x86_64         ;
; Timing Analyzer      ; DESKTOP-VL8O8TL  ; Windows 10 ; 10.0       ; x86_64         ;
; EDA Netlist Writer   ; DESKTOP-VL8O8TL  ; Windows 10 ; 10.0       ; x86_64         ;
+----------------------+------------------+------------+------------+----------------+


------------
; Flow Log ;
------------
quartus_map --read_settings_files=on --write_settings_files=off HumidityTemperature -c HumidityTemperature
quartus_fit --read_settings_files=off --write_settings_files=off HumidityTemperature -c HumidityTemperature
quartus_asm --read_settings_files=off --write_settings_files=off HumidityTemperature -c HumidityTemperature
quartus_sta HumidityTemperature -c HumidityTemperature
quartus_eda --read_settings_files=off --write_settings_files=off HumidityTemperature -c HumidityTemperature



